Working directory: "/make-3.81"
Command line arguments: "--incremental" "-o" "deepakserverkw" "--url" "https://10.157.3.49:8080/deepak" "kwinject.out"
-----
Klocwork 11.1.1.358
Installation directory: "/ephemeral/klocwork/kw-server-11.1.1"
Tables directory: "/make-3.81/deepakserverkw"
Jobs number: 9
-----
Incremental build message: Updated configuration checksum: 1471521128000;7a1f2cfccc5f031b96369524b231da64en
August 18, 2016 3:19:52 PM EEST: Running build preparation stage...
Incremental build message: Analysing build specification changes...
Incremental build message: Need to compile the '/make-3.81/main.c' file because it was not present in the previous build
Incremental build message: Analysing source files dependencies...
August 18, 2016 3:19:52 PM EEST: Build preparation stage completed
August 18, 2016 3:19:52 PM EEST: Running compilation stage...
2> working directory: "/make-3.81"
2> executing: "/ephemeral/klocwork/kw-server-11.1.1/bin/kwcc" "-c" "--security" "--metrics" "--ignore-extension" "--lang" "en" "-o" "/make-3.81/deepakserverkw/obj/main.c_24.o" "--deps-file" "/make-3.81/deepakserverkw/dep/main.c_24.d" "-nocc" "-xc" "-e" "gnu" "-D__DBL_MIN_EXP__=(-1021)" "-D__UINT_LEAST16_MAX__=65535" "-D__ATOMIC_ACQUIRE=2" "-D__FLT_MIN__=1.17549435082228750797e-38F" "-D__UINT_LEAST8_TYPE__=unsigned char" "-D__INTMAX_C(c)=c ## L" "-D__CHAR_BIT__=8" "-D__UINT8_MAX__=255" "-D__WINT_MAX__=4294967295U" "-D__ORDER_LITTLE_ENDIAN__=1234" "-D__SIZE_MAX__=18446744073709551615UL" "-D__WCHAR_MAX__=2147483647" "-D__GCC_HAVE_SYNC_COMPARE_AND_SWAP_1=1" "-D__GCC_HAVE_SYNC_COMPARE_AND_SWAP_2=1" "-D__GCC_HAVE_SYNC_COMPARE_AND_SWAP_4=1" "-D__DBL_DENORM_MIN__=((double)4.94065645841246544177e-324L)" "-D__GCC_HAVE_SYNC_COMPARE_AND_SWAP_8=1" "-D__GCC_ATOMIC_CHAR_LOCK_FREE=2" "-D__FLT_EVAL_METHOD__=0" "-D__unix__=1" "-D__GCC_ATOMIC_CHAR32_T_LOCK_FREE=2" "-D__x86_64=1" "-D__UINT_FAST64_MAX__=18446744073709551615UL" "-D__SIG_ATOMIC_TYPE__=int" "-D__DBL_MIN_10_EXP__=(-307)" "-D__FINITE_MATH_ONLY__=0" "-D__GNUC_PATCHLEVEL__=5" "-D__UINT_FAST8_MAX__=255" "-D__DEC64_MAX_EXP__=385" "-D__INT8_C(c)=c" "-D__UINT_LEAST64_MAX__=18446744073709551615UL" "-D__SHRT_MAX__=32767" "-D__LDBL_MAX__=1.18973149535723176502e+4932L" "-D__UINT_LEAST8_MAX__=255" "-D__GCC_ATOMIC_BOOL_LOCK_FREE=2" "-D__UINTMAX_TYPE__=long unsigned int" "-D__linux=1" "-D__DEC32_EPSILON__=1E-6DF" "-D__OPTIMIZE__=1" "-D__unix=1" "-D__UINT32_MAX__=4294967295U" "-D__LDBL_MAX_EXP__=16384" "-D__WINT_MIN__=0U" "-D__linux__=1" "-D__SCHAR_MAX__=127" "-D__WCHAR_MIN__=(-__WCHAR_MAX__ - 1)" "-D__INT64_C(c)=c ## L" "-D__DBL_DIG__=15" "-D__GCC_ATOMIC_POINTER_LOCK_FREE=2" "-D__SIZEOF_INT__=4" "-D__SIZEOF_POINTER__=8" "-D__USER_LABEL_PREFIX__=" "-D__STDC_HOSTED__=1" "-D__LDBL_HAS_INFINITY__=1" "-D__FLT_EPSILON__=1.19209289550781250000e-7F" "-D__LDBL_MIN__=3.36210314311209350626e-4932L" "-D__DEC32_MAX__=9.999999E96DF" "-D__INT32_MAX__=2147483647" "-D__SIZEOF_LONG__=8" "-D__STDC_IEC_559__=1" "-D__STDC_ISO_10646__=201103L" "-D__UINT16_C(c)=c" "-D__DECIMAL_DIG__=21" "-D__gnu_linux__=1" "-D__LDBL_HAS_QUIET_NAN__=1" "-D__GNUC__=4" "-D__MMX__=1" "-D__FLT_HAS_DENORM__=1" "-D__SIZEOF_LONG_DOUBLE__=16" "-D__BIGGEST_ALIGNMENT__=16" "-D__DBL_MAX__=((double)1.79769313486231570815e+308L)" "-D__INT_FAST32_MAX__=9223372036854775807L" "-D__DBL_HAS_INFINITY__=1" "-D__DEC32_MIN_EXP__=(-94)" "-D__INT_FAST16_TYPE__=long int" "-D__LDBL_HAS_DENORM__=1" "-D__DEC128_MAX__=9.999999999999999999999999999999999E6144DL" "-D__INT_LEAST32_MAX__=2147483647" "-D__DEC32_MIN__=1E-95DF" "-D__DBL_MAX_EXP__=1024" "-D__DEC128_EPSILON__=1E-33DL" "-D__SSE2_MATH__=1" "-D__ATOMIC_HLE_RELEASE=131072" "-D__PTRDIFF_MAX__=9223372036854775807L" "-D__amd64=1" "-D__STDC_NO_THREADS__=1" "-D__ATOMIC_HLE_ACQUIRE=65536" "-D__LONG_LONG_MAX__=9223372036854775807LL" "-D__SIZEOF_SIZE_T__=8" "-D__SIZEOF_WINT_T__=4" "-D__GCC_HAVE_DWARF2_CFI_ASM=1" "-D__GXX_ABI_VERSION=1002" "-D__FLT_MIN_EXP__=(-125)" "-D__INT_FAST64_TYPE__=long int" "-D__DBL_MIN__=((double)2.22507385850720138309e-308L)" "-D__LP64__=1" "-D__DECIMAL_BID_FORMAT__=1" "-D__DEC128_MIN__=1E-6143DL" "-D__REGISTER_PREFIX__=" "-D__UINT16_MAX__=65535" "-D__DBL_HAS_DENORM__=1" "-D__UINT8_TYPE__=unsigned char" "-D__FLT_MANT_DIG__=24" "-D__VERSION__=\"4.8.5 20150623 (Red Hat 4.8.5-4)\"" "-D__UINT64_C(c)=c ## UL" "-D_STDC_PREDEF_H=1" "-D__GCC_ATOMIC_INT_LOCK_FREE=2" "-D__FLOAT_WORD_ORDER__=__ORDER_LITTLE_ENDIAN__" "-D__STDC_IEC_559_COMPLEX__=1" "-D__INT32_C(c)=c" "-D__DEC64_EPSILON__=1E-15DD" "-D__ORDER_PDP_ENDIAN__=3412" "-D__DEC128_MIN_EXP__=(-6142)" "-D__INT_FAST32_TYPE__=long int" "-D__UINT_LEAST16_TYPE__=short unsigned int" "-Dunix=1" "-D__INT16_MAX__=32767" "-D__SIZE_TYPE__=long unsigned int" "-D__UINT64_MAX__=18446744073709551615UL" "-D__INT8_TYPE__=signed char" "-D__ELF__=1" "-D__FLT_RADIX__=2" "-D__INT_LEAST16_TYPE__=short int" "-D__LDBL_EPSILON__=1.08420217248550443401e-19L" "-D__UINTMAX_C(c)=c ## UL" "-D__GNUC_RH_RELEASE__=4" "-D__SSE_MATH__=1" "-D__k8=1" "-D__SIG_ATOMIC_MAX__=2147483647" "-D__GCC_ATOMIC_WCHAR_T_LOCK_FREE=2" "-D__SIZEOF_PTRDIFF_T__=8" "-D__x86_64__=1" "-D__DEC32_SUBNORMAL_MIN__=0.000001E-95DF" "-D__INT_FAST16_MAX__=9223372036854775807L" "-D__UINT_FAST32_MAX__=18446744073709551615UL" "-D__UINT_LEAST64_TYPE__=long unsigned int" "-D__FLT_HAS_QUIET_NAN__=1" "-D__FLT_MAX_10_EXP__=38" "-D__LONG_MAX__=9223372036854775807L" "-D__DEC128_SUBNORMAL_MIN__=0.000000000000000000000000000000001E-6143DL" "-D__FLT_HAS_INFINITY__=1" "-D__UINT_FAST16_TYPE__=long unsigned int" "-D__DEC64_MAX__=9.999999999999999E384DD" "-D__CHAR16_TYPE__=short unsigned int" "-D__PRAGMA_REDEFINE_EXTNAME=1" "-D__INT_LEAST16_MAX__=32767" "-D__DEC64_MANT_DIG__=16" "-D__INT64_MAX__=9223372036854775807L" "-D__UINT_LEAST32_MAX__=4294967295U" "-D__GCC_ATOMIC_LONG_LOCK_FREE=2" "-D__INT_LEAST64_TYPE__=long int" "-D__INT16_TYPE__=short int" "-D__INT_LEAST8_TYPE__=signed char" "-D__DEC32_MAX_EXP__=97" "-D__INT_FAST8_MAX__=127" "-D__INTPTR_MAX__=9223372036854775807L" "-Dlinux=1" "-D__SSE2__=1" "-D__LDBL_MANT_DIG__=64" "-D__DBL_HAS_QUIET_NAN__=1" "-D__SIG_ATOMIC_MIN__=(-__SIG_ATOMIC_MAX__ - 1)" "-D__code_model_small__=1" "-D__k8__=1" "-D__INTPTR_TYPE__=long int" "-D__UINT16_TYPE__=short unsigned int" "-D__WCHAR_TYPE__=int" "-D__SIZEOF_FLOAT__=4" "-D__UINTPTR_MAX__=18446744073709551615UL" "-D__DEC64_MIN_EXP__=(-382)" "-D__INT_FAST64_MAX__=9223372036854775807L" "-D__GCC_ATOMIC_TEST_AND_SET_TRUEVAL=1" "-D__FLT_DIG__=6" "-D__UINT_FAST64_TYPE__=long unsigned int" "-D__INT_MAX__=2147483647" "-D__amd64__=1" "-D__INT64_TYPE__=long int" "-D__FLT_MAX_EXP__=128" "-D__ORDER_BIG_ENDIAN__=4321" "-D__DBL_MANT_DIG__=53" "-D__INT_LEAST64_MAX__=9223372036854775807L" "-D__GCC_ATOMIC_CHAR16_T_LOCK_FREE=2" "-D__DEC64_MIN__=1E-383DD" "-D__WINT_TYPE__=unsigned int" "-D__UINT_LEAST32_TYPE__=unsigned int" "-D__SIZEOF_SHORT__=2" "-D__SSE__=1" "-D__LDBL_MIN_EXP__=(-16381)" "-D__INT_LEAST8_MAX__=127" "-D__SIZEOF_INT128__=16" "-D__LDBL_MAX_10_EXP__=4932" "-D__ATOMIC_RELAXED=0" "-D__DBL_EPSILON__=((double)2.22044604925031308085e-16L)" "-D_LP64=1" "-D__UINT8_C(c)=c" "-D__INT_LEAST32_TYPE__=int" "-D__SIZEOF_WCHAR_T__=4" "-D__UINT64_TYPE__=long unsigned int" "-D__INT_FAST8_TYPE__=signed char" "-D__DBL_DECIMAL_DIG__=17" "-D__FXSR__=1" "-D__DEC_EVAL_METHOD__=2" "-D__UINT32_C(c)=c ## U" "-D__INTMAX_MAX__=9223372036854775807L" "-D__BYTE_ORDER__=__ORDER_LITTLE_ENDIAN__" "-D__FLT_DENORM_MIN__=1.40129846432481707092e-45F" "-D__INT8_MAX__=127" "-D__UINT_FAST32_TYPE__=long unsigned int" "-D__CHAR32_TYPE__=unsigned int" "-D__FLT_MAX__=3.40282346638528859812e+38F" "-D__INT32_TYPE__=int" "-D__SIZEOF_DOUBLE__=8" "-D__FLT_MIN_10_EXP__=(-37)" "-D__INTMAX_TYPE__=long int" "-D__DEC128_MAX_EXP__=6145" "-D__ATOMIC_CONSUME=1" "-D__GNUC_MINOR__=8" "-D__UINTMAX_MAX__=18446744073709551615UL" "-D__DEC32_MANT_DIG__=7" "-D__DBL_MAX_10_EXP__=308" "-D__LDBL_DENORM_MIN__=3.64519953188247460253e-4951L" "-D__INT16_C(c)=c" "-D__STDC__=1" "-D__PTRDIFF_TYPE__=long int" "-D__ATOMIC_SEQ_CST=5" "-D__UINT32_TYPE__=unsigned int" "-D__UINTPTR_TYPE__=long unsigned int" "-D__DEC64_SUBNORMAL_MIN__=0.000000000000001E-383DD" "-D__DEC128_MANT_DIG__=34" "-D__LDBL_MIN_10_EXP__=(-4931)" "-D__SIZEOF_LONG_LONG__=8" "-D__GCC_ATOMIC_LLONG_LOCK_FREE=2" "-D__LDBL_DIG__=18" "-D__FLT_DECIMAL_DIG__=9" "-D__UINT_FAST16_MAX__=18446744073709551615UL" "-D__GNUC_GNU_INLINE__=1" "-D__GCC_ATOMIC_SHORT_LOCK_FREE=2" "-D__UINT_FAST8_TYPE__=unsigned char" "-D__ATOMIC_ACQ_REL=4" "-D__ATOMIC_RELEASE=3" "--type-sizes=2:4:8:8" "-D_Alignas(x)=" "-D_Fract=float" "-D_Accum=float" "-D_Sat=" "-iprefix" "/usr/lib/gcc/x86_64-redhat-linux/4.8.2/" "-J/usr/lib/gcc/x86_64-redhat-linux/4.8.2/include" "-J=/usr/local/include" "-J=/usr/include" "--errors-config" "/make-3.81/deepakserverkw/build_time_data/configs/analysis_profile.pconf" "-DLOCALEDIR=\"/usr/local/share/locale\"" "-DLIBDIR=\"/usr/local/lib\"" "-DINCLUDEDIR=\"/usr/local/include\"" "-DHAVE_CONFIG_H" "-I." "-I." "-I." "--enable-gnu-decimal" "--enable-gnu-float" "/make-3.81/main.c"
August 18, 2016 3:19:53 PM EEST: Compilation stage completed
August 18, 2016 3:19:53 PM EEST: Running C/C++ defects detection stage...
working directory: "/make-3.81"
executing: "/ephemeral/klocwork/kw-server-11.1.1/exec/ix86-pc-linux/kwlef" "--license-host" "eseelic070.emea.nsn-net.net" "--license-port" "27018" "--incremental-build" "--lang" "en" "--verbose" "-j" "9" "--errors-config" "/make-3.81/deepakserverkw/build_time_data/configs/analysis_profile.pconf" "-o" "/make-3.81/deepakserverkw" "-m" "/make-3.81/deepakserverkw/obj/object-mapping.txt" "-b" "/make-3.81/deepakserverkw/buildspec.out"
Used FBKBs:
    /ephemeral/klocwork/kw-server-11.1.1/config/kb/cpp/glibc.kb
    /ephemeral/klocwork/kw-server-11.1.1/config/kb/cpp/posix.kb
    /ephemeral/klocwork/kw-server-11.1.1/config/kb/cpp/stdc.kb
    /ephemeral/klocwork/kw-server-11.1.1/config/kb/cpp/winapi32.kb
kwlef: Info: Object file directory: /make-3.81/deepakserverkw/obj
INC: knowledge base for arscan.c_1.o is up-to-date
INC: knowledge base for getopt.c_8.o is up-to-date
INC: knowledge base for getopt1.c_9.o is up-to-date
INC: knowledge base for remote-stub.c_16.o is up-to-date
INC: knowledge base for signame.c_18.o is up-to-date
INC: knowledge base for version.c_21.o is up-to-date
INC: (preliminary) knowledge base for misc.c_13.o is up-to-date
INC: (preliminary) knowledge base for ar.c_0.o is up-to-date
INC: (preliminary) knowledge base for default.c_3.o is up-to-date
INC: (preliminary) knowledge base for expand.c_5.o is up-to-date
INC: (preliminary) knowledge base for strcache.c_19.o is up-to-date
INC: (preliminary) knowledge base for hash.c_23.o is up-to-date
INC: (preliminary) knowledge base for commands.c_2.o is up-to-date
INC: (preliminary) knowledge base for dir.c_4.o is up-to-date
INC: (preliminary) knowledge base for variable.c_20.o is up-to-date
INC: (preliminary) knowledge base for file.c_6.o is up-to-date
INC: (preliminary) knowledge base for function.c_7.o is up-to-date
INC: (preliminary) knowledge base for implicit.c_10.o is up-to-date
INC: (preliminary) knowledge base for job.c_11.o is up-to-date
INC: (preliminary) knowledge base for read.c_14.o is up-to-date
INC: (preliminary) knowledge base for main.c_12.o is up-to-date
INC: (preliminary) knowledge base for remake.c_15.o is up-to-date
INC: (preliminary) knowledge base for rule.c_17.o is up-to-date
INC: (preliminary) knowledge base for vpath.c_22.o is up-to-date
INC: knowledge base for misc.c_13.o is up-to-date
INC: knowledge base for ar.c_0.o is up-to-date
INC: knowledge base for default.c_3.o is up-to-date
INC: knowledge base for expand.c_5.o is up-to-date
INC: knowledge base for strcache.c_19.o is up-to-date
INC: knowledge base for hash.c_23.o is up-to-date
INC: knowledge base for commands.c_2.o is up-to-date
INC: knowledge base for dir.c_4.o is up-to-date
INC: knowledge base for variable.c_20.o is up-to-date
INC: knowledge base for file.c_6.o is up-to-date
INC: knowledge base for function.c_7.o is up-to-date
INC: knowledge base for implicit.c_10.o is up-to-date
INC: knowledge base for job.c_11.o is up-to-date
INC: knowledge base for read.c_14.o is up-to-date
INC: knowledge base for main.c_12.o is up-to-date
INC: knowledge base for remake.c_15.o is up-to-date
INC: knowledge base for rule.c_17.o is up-to-date
INC: knowledge base for vpath.c_22.o is up-to-date
1> Analyzing main.c_24.o
August 18, 2016 3:19:57 PM EEST: C/C++ defects detection stage completed
August 18, 2016 3:19:57 PM EEST: Running linking stage...
working directory: "/make-3.81"
executing: "/ephemeral/klocwork/kw-server-11.1.1/exec/ix86-pc-linux/kwlinker" "--encoding" "UTF-8" "--progress" "-o" "/make-3.81/deepakserverkw" "-w" "-s" "/make-3.81/deepakserverkw/obj/0.olist" "-s" "/make-3.81/deepakserverkw/obj/1.olist" "-R" "/make-3.81/deepakserverkw/obj/java"
August 18, 2016 3:19:57 PM EEST: Linking stage completed
August 18, 2016 3:19:57 PM EEST: Running reports generation stage...
working directory: "/make-3.81"
executing: "/ephemeral/klocwork/kw-server-11.1.1/bin/kwinspect" "--lang" "en" "--table-dir" "/make-3.81/deepakserverkw" "--report-directory" "/make-3.81/deepakserverkw/reports" "--error-config" "/make-3.81/deepakserverkw/build_time_data/configs/analysis_profile.pconf" "--metrics-config" "/make-3.81/deepakserverkw/build_time_data/configs/metrics_default.mconf"
WARN  [ProtoReader.java:264]: The problem with id = '14' of type ='MLK.MIGHT' trace line(s) was truncated to 1000 characters, from its original 2657 characters.
WARN  [ProtoReader.java:264]: The problem with id = '14' of type ='MLK.MIGHT' trace line(s) was truncated to 1000 characters, from its original 2657 characters.
WARN  [ProtoReader.java:264]: The problem with id = '15' of type ='MLK.MIGHT' trace line(s) was truncated to 1000 characters, from its original 2657 characters.
WARN  [ProtoReader.java:264]: The problem with id = '15' of type ='MLK.MIGHT' trace line(s) was truncated to 1000 characters, from its original 2657 characters.
WARN  [ProtoReader.java:264]: The problem with id = '44' of type ='MLK.MIGHT' trace line(s) was truncated to 1000 characters, from its original 5444 characters.
WARN  [ProtoReader.java:264]: The problem with id = '44' of type ='MLK.MIGHT' trace line(s) was truncated to 1000 characters, from its original 2782 characters.
WARN  [ProtoReader.java:264]: The problem with id = '44' of type ='MLK.MIGHT' trace line(s) was truncated to 1000 characters, from its original 5445 characters.
WARN  [ProtoReader.java:264]: The problem with id = '45' of type ='MLK.MIGHT' trace line(s) was truncated to 1000 characters, from its original 5444 characters.
WARN  [ProtoReader.java:264]: The problem with id = '45' of type ='MLK.MIGHT' trace line(s) was truncated to 1000 characters, from its original 2782 characters.
WARN  [ProtoReader.java:264]: The problem with id = '45' of type ='MLK.MIGHT' trace line(s) was truncated to 1000 characters, from its original 5445 characters.
WARN  [ProtoReader.java:264]: The problem with id = '46' of type ='MLK.MIGHT' trace line(s) was truncated to 1000 characters, from its original 5444 characters.
WARN  [ProtoReader.java:264]: The problem with id = '46' of type ='MLK.MIGHT' trace line(s) was truncated to 1000 characters, from its original 2782 characters.
WARN  [ProtoReader.java:264]: The problem with id = '46' of type ='MLK.MIGHT' trace line(s) was truncated to 1000 characters, from its original 5445 characters.
WARN  [ProtoReader.java:264]: The problem with id = '47' of type ='MLK.MIGHT' trace line(s) was truncated to 1000 characters, from its original 5444 characters.
WARN  [ProtoReader.java:264]: The problem with id = '47' of type ='MLK.MIGHT' trace line(s) was truncated to 1000 characters, from its original 2782 characters.
WARN  [ProtoReader.java:264]: The problem with id = '47' of type ='MLK.MIGHT' trace line(s) was truncated to 1000 characters, from its original 5445 characters.
WARN  [ProtoReader.java:264]: The problem with id = '48' of type ='MLK.MIGHT' trace line(s) was truncated to 1000 characters, from its original 5444 characters.
WARN  [ProtoReader.java:264]: The problem with id = '48' of type ='MLK.MIGHT' trace line(s) was truncated to 1000 characters, from its original 2782 characters.
WARN  [ProtoReader.java:264]: The problem with id = '48' of type ='MLK.MIGHT' trace line(s) was truncated to 1000 characters, from its original 5445 characters.
August 18, 2016 3:19:59 PM EEST: Reports generation stage completed
-----
Klocwork 11.1.1.358
Installation directory: "/ephemeral/klocwork/kw-server-11.1.1"
Tables directory: "/make-3.81/deepakserverkw"
Jobs number: 1
-----

Date: Thu Aug 18 15:20:30 EEST 2016
Starting build deepak:build_3

August 18, 2016 3:20:30 PM EEST: Running propagation stage...
3:20:30 PM: Uploading table files to the server...
3:20:31 PM: Table files uploaded to the server.
3:20:31 PM: Propagating build on the server side...
3:20:33 PM: Build propagated on the server side.
3:20:33 PM: Downloading new table files from the server...
3:20:33 PM: New table files downloaded.
3:20:33 PM: Downloading the kwpropagate.log file...
3:20:33 PM: The kwpropagate.log file downloaded.
August 18, 2016 3:20:33 PM EEST: Propagation stage completed

August 18, 2016 3:20:33 PM EEST: Running updating server data stage...
August 18, 2016 3:20:36 PM EEST: Updating server data stage completed

August 18, 2016 3:20:36 PM EEST: Running database loading stage...
3:20:36 PM: Loading build database on the server side...
August 18, 2016 3:20:38 PM EEST: Running shared database loading stage...
3:20:40 PM: Build database loaded on the server side.
3:20:40 PM: Downloading new table files from the server...
3:20:40 PM: New table files downloaded.
3:20:40 PM: Deleting table files from the server...
3:20:40 PM: Table files deleted from the server...
3:20:40 PM: Downloading the kwloaddb.log file...
3:20:40 PM: The kwloaddb.log file downloaded.
August 18, 2016 3:20:40 PM EEST: Database loading stage completed

Build successfully created.
